{
  "RSpec": {
    "coverage": {
      "/home/work/ruby_progets/prefix_tree/spec/prefix_tree_spec.rb": [
        1,
        1,
        1,
        null,
        1,
        null,
        1,
        null,
        1,
        14,
        14,
        14,
        14,
        null,
        null,
        1,
        1,
        1,
        1,
        null,
        1,
        1,
        null,
        null,
        null,
        1,
        1,
        1,
        1,
        null,
        1,
        1,
        1,
        1,
        null,
        1,
        1,
        null,
        null,
        null,
        1,
        1,
        1,
        1,
        null,
        1,
        1,
        null,
        1,
        1,
        null,
        null,
        null,
        1,
        1,
        1,
        null,
        1,
        1,
        5,
        1,
        null,
        null,
        null,
        1,
        1,
        1,
        null,
        1,
        1,
        5,
        1,
        null,
        null,
        null,
        1,
        1,
        1,
        1,
        1,
        null,
        null,
        null,
        1,
        1,
        1,
        1,
        1,
        null,
        null,
        null
      ],
      "/home/work/ruby_progets/prefix_tree/lib/prefix_tree.rb": [
        1,
        null,
        1,
        null,
        1,
        null,
        1,
        1,
        null,
        1,
        14,
        null,
        null,
        1,
        null,
        47,
        46,
        46,
        46,
        395,
        395,
        309,
        309,
        null,
        395,
        null,
        46,
        null,
        null,
        1,
        10,
        10,
        113,
        110,
        null,
        null,
        7,
        null,
        null,
        1,
        1,
        1,
        4,
        null,
        null,
        null,
        null,
        1,
        6,
        null,
        null,
        1,
        8,
        8,
        6,
        null,
        2,
        null,
        null,
        null,
        1,
        108,
        108,
        102,
        null,
        108,
        null,
        null,
        1,
        1,
        1,
        1,
        4,
        null,
        null,
        null,
        null,
        null,
        1,
        3,
        null,
        null,
        1,
        1,
        8,
        8,
        12,
        10,
        null,
        null,
        6,
        null,
        null
      ],
      "/home/work/ruby_progets/prefix_tree/lib/tree/node.rb": [
        1,
        1,
        1,
        1,
        323,
        323,
        null,
        null,
        null
      ]
    },
    "timestamp": 1433863524
  }
}
