{
  "RSpec": {
    "coverage": {
      "/home/al/prefix_tree/spec/prefix_tree_spec.rb": [
        1,
        null,
        1,
        null,
        1,
        1,
        1,
        null,
        1,
        1,
        1,
        1,
        1,
        null,
        null,
        null,
        1,
        1,
        1,
        1,
        null,
        null,
        null,
        1,
        1,
        1,
        1,
        0,
        null,
        null,
        null
      ],
      "/home/al/prefix_tree/lib/tree.rb": [
        1,
        null,
        1,
        null,
        1,
        null,
        1,
        1,
        null,
        1,
        1,
        null,
        null,
        1,
        2,
        2,
        2,
        17,
        17,
        17,
        17,
        null,
        17,
        null,
        2,
        null,
        null,
        1,
        2,
        2,
        17,
        17,
        null,
        2,
        null,
        null,
        1,
        1,
        0,
        0,
        null,
        null,
        null,
        1,
        0,
        0,
        null,
        null,
        null,
        1,
        0,
        0,
        null,
        null,
        1,
        0,
        0,
        0,
        0,
        null,
        0,
        0,
        0,
        0,
        0,
        null,
        0,
        null,
        null,
        1,
        0,
        0,
        0,
        0,
        null,
        null,
        null,
        null,
        1,
        0,
        0,
        null,
        null,
        null
      ],
      "/home/al/prefix_tree/lib/tree/node.rb": [
        1,
        1,
        1,
        1,
        18,
        null,
        null,
        null
      ]
    },
    "timestamp": 1432567405
  }
}
